<?xml version="1.0" encoding="UTF-8"?>
<!-- Generated by org.testng.reporters.JUnitReportReporter -->
<testsuite hostname="DESKTOP-DUH6J36" failures="0" tests="5" name="com.automate.automator1.AppTest" time="29.059" errors="0" timestamp="2021-06-29T15:43:04 EDT" skipped="0">
  <testcase classname="com.automate.automator1.AppTest" name="Test1" time="3.095"/>
  <system-out/>
  <testcase classname="com.automate.automator1.AppTest" name="Test4" time="7.120"/>
  <system-out/>
  <testcase classname="com.automate.automator1.AppTest" name="Test3" time="4.348"/>
  <system-out/>
  <testcase classname="com.automate.automator1.AppTest" name="clickButtonCloseAlert_Test5" time="8.646"/>
  <system-out/>
  <testcase classname="com.automate.automator1.AppTest" name="Test2" time="5.850"/>
  <system-out/>
</testsuite> <!-- com.automate.automator1.AppTest -->
