<?xml version="1.0" encoding="UTF-8"?>
<!-- Generated by org.testng.reporters.JUnitReportReporter -->
<testsuite hostname="DESKTOP-DUH6J36" failures="0" tests="5" name="com.automate.automator1.AppTest" time="26.581" errors="0" timestamp="2021-06-29T15:46:02 EDT" skipped="0">
  <testcase classname="com.automate.automator1.AppTest" name="Test3" time="4.511"/>
  <system-out/>
  <testcase classname="com.automate.automator1.AppTest" name="clickButtonCloseAlert_Test5" time="9.313"/>
  <system-out/>
  <testcase classname="com.automate.automator1.AppTest" name="Test1" time="3.980"/>
  <system-out/>
  <testcase classname="com.automate.automator1.AppTest" name="Test4" time="4.505"/>
  <system-out/>
  <testcase classname="com.automate.automator1.AppTest" name="Test2" time="4.272"/>
  <system-out/>
</testsuite> <!-- com.automate.automator1.AppTest -->
